<?xml version="1.0" encoding="UTF-8"?>
<!-- Generated by org.testng.reporters.JUnitReportReporter -->
<testsuite skipped="0" hostname="admin1-LIVA-Z2V" name="com.bridgelabz.codingcafe.testcases.AddTrainingInstituteTest" tests="1" failures="0" timestamp="18 Jan 2020 10:40:23 GMT" time="60.670" errors="0">
  <testcase name="addtrainingInstitutetest" time="60.670" classname="com.bridgelabz.codingcafe.testcases.AddTrainingInstituteTest"/>
</testsuite> <!-- com.bridgelabz.codingcafe.testcases.AddTrainingInstituteTest -->
