<?xml version="1.0" encoding="UTF-8"?>
<!-- Generated by org.testng.reporters.JUnitReportReporter -->
<testsuite skipped="0" hostname="admin1-LIVA-Z2V" name="com.bridgelabz.codingcafe.testcases.RegistrationTest" tests="1" failures="0" timestamp="21 Jan 2020 09:33:55 GMT" time="125.044" errors="0">
  <testcase name="registerTest" time="125.044" classname="com.bridgelabz.codingcafe.testcases.RegistrationTest"/>
</testsuite> <!-- com.bridgelabz.codingcafe.testcases.RegistrationTest -->
