<?xml version="1.0" encoding="UTF-8"?>
<!-- Generated by org.testng.reporters.JUnitReportReporter -->
<testsuite skipped="0" hostname="admin1-LIVA-Z2V" name="com.bridgelabz.codingcafe.testcases.AddInstitutionTest" tests="2" failures="0" timestamp="21 Jan 2020 09:21:52 GMT" time="152.628" errors="0">
  <testcase name="addCollegeTest" time="74.021" classname="com.bridgelabz.codingcafe.testcases.AddInstitutionTest"/>
  <testcase name="addTrainingInstituteTest" time="78.607" classname="com.bridgelabz.codingcafe.testcases.AddInstitutionTest"/>
</testsuite> <!-- com.bridgelabz.codingcafe.testcases.AddInstitutionTest -->
