<?xml version="1.0" encoding="UTF-8"?>
<!-- Generated by org.testng.reporters.JUnitReportReporter -->
<testsuite skipped="0" hostname="admin1-LIVA-Z2V" name="com.bridgelabz.codingcafe.testcases.AddInstitutionTest" tests="2" failures="0" timestamp="20 Jan 2020 09:08:18 GMT" time="132.916" errors="0">
  <testcase name="addCollegeTest" time="60.379" classname="com.bridgelabz.codingcafe.testcases.AddInstitutionTest"/>
  <testcase name="addTrainingInstituteTest" time="72.537" classname="com.bridgelabz.codingcafe.testcases.AddInstitutionTest"/>
</testsuite> <!-- com.bridgelabz.codingcafe.testcases.AddInstitutionTest -->
