<?xml version="1.0" encoding="UTF-8"?>
<!-- Generated by org.testng.reporters.JUnitReportReporter -->
<testsuite skipped="0" hostname="admin1-LIVA-Z2V" name="com.bridgelabz.codingcafe.testcases.LogoutPageTest" tests="1" failures="0" timestamp="20 Jan 2020 09:40:38 GMT" time="79.468" errors="0">
  <testcase name="logoutPagetest" time="79.468" classname="com.bridgelabz.codingcafe.testcases.LogoutPageTest"/>
</testsuite> <!-- com.bridgelabz.codingcafe.testcases.LogoutPageTest -->
