<?xml version="1.0" encoding="UTF-8"?>
<!-- Generated by org.testng.reporters.JUnitReportReporter -->
<testsuite skipped="0" hostname="admin1-LIVA-Z2V" name="com.bridgelabz.codingcafe.testcases.LogoutPageTest" tests="1" failures="0" timestamp="21 Jan 2020 09:21:52 GMT" time="76.051" errors="0">
  <testcase name="logoutPagetest" time="76.051" classname="com.bridgelabz.codingcafe.testcases.LogoutPageTest"/>
</testsuite> <!-- com.bridgelabz.codingcafe.testcases.LogoutPageTest -->
