<?xml version="1.0" encoding="UTF-8"?>
<!-- Generated by org.testng.reporters.JUnitReportReporter -->
<testsuite skipped="0" hostname="admin1-LIVA-Z2V" name="com.bridgelabz.codingcafe.testcases.AddCampaignTest" tests="1" failures="0" timestamp="20 Jan 2020 08:52:56 GMT" time="168.107" errors="0">
  <testcase name="registerTest" time="168.107" classname="com.bridgelabz.codingcafe.testcases.AddCampaignTest"/>
</testsuite> <!-- com.bridgelabz.codingcafe.testcases.AddCampaignTest -->
