<?xml version="1.0" encoding="UTF-8"?>
<!-- Generated by org.testng.reporters.JUnitReportReporter -->
<testsuite skipped="0" hostname="admin1-LIVA-Z2V" name="com.bridgelabz.codingcafe.testcases.AddInstitutionTest" tests="1" failures="0" timestamp="18 Jan 2020 10:20:16 GMT" time="62.400" errors="0">
  <testcase name="addInstituteTest" time="62.400" classname="com.bridgelabz.codingcafe.testcases.AddInstitutionTest"/>
</testsuite> <!-- com.bridgelabz.codingcafe.testcases.AddInstitutionTest -->
