<?xml version="1.0" encoding="UTF-8"?>
<!-- Generated by org.testng.reporters.JUnitReportReporter -->
<testsuite skipped="0" hostname="admin1-LIVA-Z2V" name="com.bridgelabz.codingcafe.testcases.LoginPageTest" tests="1" failures="0" timestamp="21 Jan 2020 09:21:52 GMT" time="60.640" errors="0">
  <testcase name="logintest" time="60.640" classname="com.bridgelabz.codingcafe.testcases.LoginPageTest"/>
</testsuite> <!-- com.bridgelabz.codingcafe.testcases.LoginPageTest -->
